build/app/outputs/mapping/release/seeds.txt
com.example.yoga.MainActivity
com.example.yoga.MainActivity: MainActivity()
...
io.flutter.plugin.platform.SingleViewPresentation: boolean startFocused
io.flutter.embedding.android.FlutterImageView
com.google.common.collect.Maps$EntryFunction: com.google.common.collect.Maps$EntryFunction[] values()
io.flutter.plugin.editing.TextInputPlugin$InputTarget$Type: io.flutter.plugin.editing.TextInputPlugin$InputTarget$Type[] values()
com.google.android.exoplayer2.upstream.RawResourceDataSource: android.net.Uri buildRawResourceUri(int)
io.flutter.embedding.engine.mutatorsstack.FlutterMutatorsStack: java.util.List finalClippingPaths
com.google.android.exoplayer2.metadata.id3.MlltFrame: android.os.Parcelable$Creator CREATOR
io.flutter.embedding.engine.FlutterJNI: io.flutter.embedding.engine.dart.PlatformMessageHandler platformMessageHandler
io.flutter.embedding.engine.FlutterJNI: void invokePlatformMessageResponseCallback(int,java.nio.ByteBuffer,int)
io.flutter.embedding.engine.systemchannels.PlatformChannel$ClipboardContentFormat: io.flutter.embedding.engine.systemchannels.PlatformChannel$ClipboardContentFormat valueOf(java.lang.String)
io.flutter.plugin.editing.ImeSyncDeferringInsetsCallback: android.view.View view
io.flutter.view.FlutterCallbackInformation: java.lang.String callbackName
com.google.android.exoplayer2.metadata.emsg.EventMessage: android.os.Parcelable$Creator CREATOR
io.flutter.view.AccessibilityViewEmbedder: int nextFlutterId
com.google.android.exoplayer2.source.TrackGroupArray: android.os.Parcelable$Creator CREATOR
io.flutter.embedding.android.FlutterSplashView$SavedState: FlutterSplashView$SavedState(android.os.Parcel)
io.flutter.embedding.engine.systemchannels.TextInputChannel$TextCapitalization: io.flutter.embedding.engine.systemchannels.TextInputChannel$TextCapitalization valueOf(java.lang.String)
io.flutter.embedding.engine.FlutterJNI: void nativeSurfaceChanged(long,int,int)
io.flutter.plugin.editing.ImeSyncDeferringInsetsCallback: android.view.WindowInsets access$402(io.flutter.plugin.editing.ImeSyncDeferringInsetsCallback,android.view.WindowInsets)
io.flutter.view.AccessibilityBridge$Action: io.flutter.view.AccessibilityBridge$Action[] values()
com.google.android.exoplayer2.trackselection.DefaultTrackSelector$SelectionOverride: android.os.Parcelable$Creator CREATOR
android.support.v4.app.RemoteActionCompatParcelizer
io.flutter.embedding.engine.FlutterJNI: void onPreEngineRestart()
io.flutter.embedding.engine.FlutterJNI: void setPlatformViewsController(io.flutter.plugin.platform.PlatformViewsController)
com.google.android.exoplayer2.metadata.flac.PictureFrame: android.os.Parcelable$Creator CREATOR
io.flutter.embedding.engine.FlutterJNI: void nativeNotifyLowMemoryWarning(long)
io.flutter.embedding.engine.FlutterJNI: void onEndFrame()
io.flutter.embedding.engine.systemchannels.PlatformChannel$DeviceOrientation: io.flutter.embedding.engine.systemchannels.PlatformChannel$DeviceOrientation[] values()
com.google.android.exoplayer2.video.VideoDecoderOutputBuffer: void release()
io.flutter.plugin.editing.ImeSyncDeferringInsetsCallback: boolean access$300(io.flutter.plugin.editing.ImeSyncDeferringInsetsCallback)
io.flutter.embedding.engine.FlutterJNI: boolean nativeFlutterTextUtilsIsEmojiModifier(int)
io.flutter.embedding.engine.mutatorsstack.FlutterMutatorsStack$FlutterMutatorType: io.flutter.embedding.engine.mutatorsstack.FlutterMutatorsStack$FlutterMutatorType valueOf(java.lang.String)
io.flutter.embedding.android.FlutterView$ZeroSides: io.flutter.embedding.android.FlutterView$ZeroSides[] values()
io.flutter.embedding.android.TransparencyMode: io.flutter.embedding.android.TransparencyMode valueOf(java.lang.String)
io.flutter.plugin.editing.ImeSyncDeferringInsetsCallback: int access$100(io.flutter.plugin.editing.ImeSyncDeferringInsetsCallback)
com.google.android.exoplayer2.decoder.Buffer: int flags
io.flutter.embedding.engine.FlutterJNI: android.graphics.Bitmap getBitmap()
io.flutter.embedding.engine.renderer.SurfaceTextureWrapper