build/app/outputs/mapping/release/usage.txt
com.example.yoga.R$integer
com.example.yoga.R$style
com.example.yoga.R$color
com.example.yoga.R$dimen
com.example.yoga.R
com.example.yoga.R$mipmap
com.example.yoga.R$drawable
com.example.yoga.R$layout
com.example.yoga.R$string
com.example.yoga.R$id
com.example.yoga.BuildConfig
com.example.yoga.R$attr
com.example.yoga.R$styleable
...
com.google.android.exoplayer2.video.VideoDecoderOutputBufferRenderer:
    public abstract void setOutputBuffer(com.google.android.exoplayer2.video.VideoDecoderOutputBuffer)
io.flutter.embedding.android.FlutterFragment
com.google.android.exoplayer2.C$PcmEncoding
androidx.fragment.app.FragmentTransition$3
com.google.common.graph.MutableValueGraph
io.flutter.embedding.engine.plugins.PluginRegistry:
    public abstract void add(java.util.Set)
    public abstract boolean has(java.lang.Class)
    public abstract io.flutter.embedding.engine.plugins.FlutterPlugin get(java.lang.Class)
    public abstract void remove(java.lang.Class)
    public abstract void remove(java.util.Set)
    public abstract void removeAll()
com.google.common.collect.Multimaps$AsMap$EntrySet
com.google.android.exoplayer2.util.Clock:
    public abstract long currentTimeMillis()
    public abstract void sleep(long)
kotlin.coroutines.intrinsics.IntrinsicsKt__IntrinsicsJvmKt$createCoroutineFromSuspendFunction$1
androidx.loader.app.LoaderManager$LoaderCallbacks
com.google.common.collect.DenseImmutableTable$ImmutableArrayMap
com.google.common.cache.CacheLoader$1$1
androidx.annotation.InspectableProperty$EnumEntry
com.google.common.io.FileBackedOutputStream
androidx.fragment.app.FragmentController
com.google.common.io.LineProcessor
com.google.common.graph.ElementOrder$Type
com.google.common.util.concurrent.Striped$4
com.google.android.exoplayer2.text.Cue$Builder:
    public android.graphics.Bitmap getBitmap()
    public android.text.Layout$Alignment getTextAlignment()
    public float getLine()
    public int getLineType()
    public float getPosition()
    public int getTextSizeType()
    public float getTextSize()
    public float getSize()
    public float getBitmapHeight()
    public com.google.android.exoplayer2.text.Cue$Builder clearWindowColor()
    public boolean isWindowColorSet()
    public int getWindowColor()
    public int getVerticalType()
com.google.common.hash.BloomFilterStrategies$2
kotlin.collections.ArraysKt___ArraysKt$asIterable$$inlined$Iterable$7
com.google.common.base.CharMatcher$And
com.google.common.collect.Collections2$OrderedPermutationCollection
com.google.common.collect.Lists$TransformingSequentialList
kotlin.coroutines.experimental.SafeContinuation$Companion
com.google.common.base.Suppliers$SupplierFunction
com.google.common.collect.TreeRangeSet$AsRanges
androidx.core.util.PatternsCompat
kotlin.sequences.SequencesKt__SequencesKt$ifEmpty$1
com.google.common.io.CharSequenceReader
kotlin.ranges.ClosedDoubleRange
com.google.android.exoplayer2.source.SampleStream$ReadDataResult
com.tekartik.sqflite.R$attr
com.google.common.reflect.ClassPath$DefaultScanner
com.google.common.eventbus.SubscriberRegistry$MethodIdentifier
kotlin.sequences.USequencesKt___USequencesKt
com.google.common.collect.MapMakerInternalMap$WeakKeyStrongValueEntry
com.google.common.collect.Multimap:
    public abstract int size()
    public abstract boolean isEmpty()
    public abstract boolean containsKey(java.lang.Object)
    public abstract boolean containsValue(java.lang.Object)
    public abstract boolean containsEntry(java.lang.Object,java.lang.Object)
    public abstract boolean put(java.lang.Object,java.lang.Object)
    public abstract boolean remove(java.lang.Object,java.lang.Object)
    public abstract boolean putAll(java.lang.Object,java.lang.Iterable)
    public abstract boolean putAll(com.google.common.collect.Multimap)
    public abstract java.util.Collection replaceValues(java.lang.Object,java.lang.Iterable)
    public abstract java.util.Collection removeAll(java.lang.Object)
    public abstract void clear()
    public abstract java.util.Collection get(java.lang.Object)
    public abstract java.util.Set keySet()
    public abstract com.google.common.collect.Multiset keys()
    public abstract java.util.Collection values()
    public abstract java.util.Collection entries()
    public abstract boolean equals(java.lang.Object)
    public abstract int hashCode()